<!doctype html>
<html lang="en"><head><meta charSet="utf-8"/><meta http-equiv="X-UA-Compatible" content="IE=edge"/><meta name="viewport" content="width=device-width, initial-scale=1"/><title>Mochawesome Report</title><link rel="stylesheet" href="assets\app.css"/></head><body data-raw="{&quot;stats&quot;:{&quot;suites&quot;:11,&quot;tests&quot;:16,&quot;passes&quot;:15,&quot;pending&quot;:0,&quot;failures&quot;:1,&quot;start&quot;:&quot;2024-02-24T13:43:10.679Z&quot;,&quot;end&quot;:&quot;2024-02-24T13:43:27.884Z&quot;,&quot;duration&quot;:17205,&quot;testsRegistered&quot;:16,&quot;passPercent&quot;:93.75,&quot;pendingPercent&quot;:0,&quot;other&quot;:0,&quot;hasOther&quot;:false,&quot;skipped&quot;:0,&quot;hasSkipped&quot;:false},&quot;results&quot;:[{&quot;uuid&quot;:&quot;b693d49a-803f-4cf2-b1cd-fb0407ae8efe&quot;,&quot;title&quot;:&quot;&quot;,&quot;fullFile&quot;:&quot;&quot;,&quot;file&quot;:&quot;&quot;,&quot;beforeHooks&quot;:[],&quot;afterHooks&quot;:[],&quot;tests&quot;:[],&quot;suites&quot;:[{&quot;uuid&quot;:&quot;14ab62a5-1520-4b8e-955d-118bfb027869&quot;,&quot;title&quot;:&quot;Login page tests&quot;,&quot;fullFile&quot;:&quot;C:\\Users\\Acer\\Desktop\\Automation first steps\\test\\Login page tests\\test10 - homepage loads in less than 2s.js&quot;,&quot;file&quot;:&quot;\\test\\Login page tests\\test10 - homepage loads in less than 2s.js&quot;,&quot;beforeHooks&quot;:[],&quot;afterHooks&quot;:[],&quot;tests&quot;:[{&quot;title&quot;:&quot;homepage loads in less than 2sec&quot;,&quot;fullTitle&quot;:&quot;Login page tests homepage loads in less than 2sec&quot;,&quot;duration&quot;:3490,&quot;state&quot;:&quot;passed&quot;,&quot;speed&quot;:&quot;slow&quot;,&quot;pass&quot;:true,&quot;fail&quot;:false,&quot;pending&quot;:false,&quot;code&quot;:&quot;// ----Execution Steps----\n// launch browser\nlet driver = await new Builder().forBrowser(\&quot;chrome\&quot;).build();\n//start timer to capture the load time \nconst startTime = new Date().getTime();\n//navigate to app\nawait driver.get(\&quot;https://www.saucedemo.com/\&quot;);\n//----Assertions----\n//--Assert1: homepage load time is &lt;2 sec\n//wait till page is loaded, capture time, calculate load time\nawait driver.wait(until.elementLocated(By.css(&#x27;body&#x27;)));\nconst endTime = new Date().getTime();\nconst pageLoadTime = endTime - startTime;\n//assert that page loads faster than 2 secs\nif (pageLoadTime &lt;= 2000) {\n} else {\n  throw new Error(&#x27;Page took longer than 2 seconds to load.&#x27;);\n}\n\n//close browser\nawait driver.quit();&quot;,&quot;err&quot;:{},&quot;uuid&quot;:&quot;d65890ba-c9cc-4909-848b-525961c44d24&quot;,&quot;isHook&quot;:false,&quot;skipped&quot;:false}],&quot;suites&quot;:[],&quot;passes&quot;:[&quot;d65890ba-c9cc-4909-848b-525961c44d24&quot;],&quot;failures&quot;:[],&quot;pending&quot;:[],&quot;skipped&quot;:[],&quot;duration&quot;:3490,&quot;root&quot;:false,&quot;rootEmpty&quot;:false},{&quot;uuid&quot;:&quot;8aa4491f-53df-4c31-81e2-d0b1178972c3&quot;,&quot;title&quot;:&quot;Login page tests&quot;,&quot;fullFile&quot;:&quot;C:\\Users\\Acer\\Desktop\\Automation first steps\\test\\Login page tests\\test2 - login with empty username and password.js&quot;,&quot;file&quot;:&quot;\\test\\Login page tests\\test2 - login with empty username and password.js&quot;,&quot;beforeHooks&quot;:[],&quot;afterHooks&quot;:[],&quot;tests&quot;:[{&quot;title&quot;:&quot;login with empty username and password&quot;,&quot;fullTitle&quot;:&quot;Login page tests login with empty username and password&quot;,&quot;duration&quot;:3753,&quot;state&quot;:&quot;passed&quot;,&quot;speed&quot;:&quot;slow&quot;,&quot;pass&quot;:true,&quot;fail&quot;:false,&quot;pending&quot;:false,&quot;code&quot;:&quot;// ----Execution Steps----\n// launch browser\nlet driver = await new Builder().forBrowser(\&quot;chrome\&quot;).build();\n//navigate to app\nawait driver.get(\&quot;https://www.saucedemo.com/\&quot;);\n//click Login button\nawait driver.findElement(By.id(\&quot;login-button\&quot;)).click();\n\n//----Assertions----\n//--Assert1: Error is displayed with text \&quot;Epic sadface: Username is required\&quot;\nconst EXPECTED_ERROR = \&quot;Epic sadface: Username is required\&quot;;\nconst ACTUAL_ERROR_TEXT = await driver.findElement(By.css(&#x27;[data-test=\&quot;error\&quot;]&#x27;)).getText();\nassert.strictEqual(ACTUAL_ERROR_TEXT, EXPECTED_ERROR);\n//close browser\nawait driver.quit();&quot;,&quot;err&quot;:{},&quot;uuid&quot;:&quot;f219c924-56ce-4e3d-b44c-fd61a0b53552&quot;,&quot;isHook&quot;:false,&quot;skipped&quot;:false}],&quot;suites&quot;:[],&quot;passes&quot;:[&quot;f219c924-56ce-4e3d-b44c-fd61a0b53552&quot;],&quot;failures&quot;:[],&quot;pending&quot;:[],&quot;skipped&quot;:[],&quot;duration&quot;:3753,&quot;root&quot;:false,&quot;rootEmpty&quot;:false},{&quot;uuid&quot;:&quot;aa5ffb76-3845-471f-9bc8-06023c154a78&quot;,&quot;title&quot;:&quot;Login page tests&quot;,&quot;fullFile&quot;:&quot;C:\\Users\\Acer\\Desktop\\Automation first steps\\test\\Login page tests\\test1 - login with standard user.js&quot;,&quot;file&quot;:&quot;\\test\\Login page tests\\test1 - login with standard user.js&quot;,&quot;beforeHooks&quot;:[],&quot;afterHooks&quot;:[],&quot;tests&quot;:[{&quot;title&quot;:&quot;login with standard user&quot;,&quot;fullTitle&quot;:&quot;Login page tests login with standard user&quot;,&quot;duration&quot;:3929,&quot;state&quot;:&quot;passed&quot;,&quot;speed&quot;:&quot;slow&quot;,&quot;pass&quot;:true,&quot;fail&quot;:false,&quot;pending&quot;:false,&quot;code&quot;:&quot;// ----Execution Steps----\n// launch browser\nlet driver = await new Builder().forBrowser(\&quot;chrome\&quot;).build();\n//navigate to app\nawait driver.get(\&quot;https://www.saucedemo.com/\&quot;);\n// input valid Username and Pass\nawait driver.findElement(By.id(\&quot;user-name\&quot;)).sendKeys(\&quot;standard_user\&quot;);\nawait driver.findElement(By.id(\&quot;password\&quot;)).sendKeys(\&quot;secret_sauce\&quot;);\n//click Login button\nawait driver.findElement(By.id(\&quot;login-button\&quot;)).click();\n//----Assertions----\n//--Assert1: URL after logging in is changed\nconst EXPECTED_URL = \&quot;https://www.saucedemo.com/inventory.html\&quot;;\nconst ACTUAL_URL = await driver.getCurrentUrl();\nassert.strictEqual(ACTUAL_URL, EXPECTED_URL);\n//close browser\nawait driver.quit();&quot;,&quot;err&quot;:{},&quot;uuid&quot;:&quot;d3629633-d542-4e9e-8ee7-3187213ebe72&quot;,&quot;isHook&quot;:false,&quot;skipped&quot;:false}],&quot;suites&quot;:[],&quot;passes&quot;:[&quot;d3629633-d542-4e9e-8ee7-3187213ebe72&quot;],&quot;failures&quot;:[],&quot;pending&quot;:[],&quot;skipped&quot;:[],&quot;duration&quot;:3929,&quot;root&quot;:false,&quot;rootEmpty&quot;:false},{&quot;uuid&quot;:&quot;740538f7-d422-4fb8-8b80-a6bfd8cb5e24&quot;,&quot;title&quot;:&quot;Login page tests&quot;,&quot;fullFile&quot;:&quot;C:\\Users\\Acer\\Desktop\\Automation first steps\\test\\Login page tests\\test8 - username field is case sensitive.js&quot;,&quot;file&quot;:&quot;\\test\\Login page tests\\test8 - username field is case sensitive.js&quot;,&quot;beforeHooks&quot;:[],&quot;afterHooks&quot;:[],&quot;tests&quot;:[{&quot;title&quot;:&quot;username is case sensitive&quot;,&quot;fullTitle&quot;:&quot;Login page tests username is case sensitive&quot;,&quot;duration&quot;:3929,&quot;state&quot;:&quot;passed&quot;,&quot;speed&quot;:&quot;slow&quot;,&quot;pass&quot;:true,&quot;fail&quot;:false,&quot;pending&quot;:false,&quot;code&quot;:&quot;// ----Execution Steps----\n// launch browser\nlet driver = await new Builder().forBrowser(\&quot;chrome\&quot;).build();\n//navigate to app\nawait driver.get(\&quot;https://www.saucedemo.com/\&quot;);\n// input Username and Pass\nawait driver.findElement(By.id(\&quot;user-name\&quot;)).sendKeys(\&quot;standard_useR\&quot;);\nawait driver.findElement(By.id(\&quot;password\&quot;)).sendKeys(\&quot;secret_sauce\&quot;);\n//click Login button\nawait driver.findElement(By.id(\&quot;login-button\&quot;)).click();\n//----Assertions----\n//--Assert1: URL is not changed\nconst EXPECTED_URL = \&quot;https://www.saucedemo.com/\&quot;;\nconst ACTUAL_URL = await driver.getCurrentUrl();\nassert.strictEqual(ACTUAL_URL, EXPECTED_URL);\n//close browser\nawait driver.quit();&quot;,&quot;err&quot;:{},&quot;uuid&quot;:&quot;18b547ba-c246-4d27-b7c1-1f27fcd932e3&quot;,&quot;isHook&quot;:false,&quot;skipped&quot;:false}],&quot;suites&quot;:[],&quot;passes&quot;:[&quot;18b547ba-c246-4d27-b7c1-1f27fcd932e3&quot;],&quot;failures&quot;:[],&quot;pending&quot;:[],&quot;skipped&quot;:[],&quot;duration&quot;:3929,&quot;root&quot;:false,&quot;rootEmpty&quot;:false},{&quot;uuid&quot;:&quot;d2f916b1-52c3-4308-bee9-2b98b813e151&quot;,&quot;title&quot;:&quot;Login page tests&quot;,&quot;fullFile&quot;:&quot;C:\\Users\\Acer\\Desktop\\Automation first steps\\test\\Login page tests\\test3 - login with empty username .js&quot;,&quot;file&quot;:&quot;\\test\\Login page tests\\test3 - login with empty username .js&quot;,&quot;beforeHooks&quot;:[],&quot;afterHooks&quot;:[],&quot;tests&quot;:[{&quot;title&quot;:&quot;login with empty username&quot;,&quot;fullTitle&quot;:&quot;Login page tests login with empty username&quot;,&quot;duration&quot;:4036,&quot;state&quot;:&quot;passed&quot;,&quot;speed&quot;:&quot;slow&quot;,&quot;pass&quot;:true,&quot;fail&quot;:false,&quot;pending&quot;:false,&quot;code&quot;:&quot;// ----Execution Steps----\n// launch browser\nlet driver = await new Builder().forBrowser(\&quot;chrome\&quot;).build();\n//navigate to app\nawait driver.get(\&quot;https://www.saucedemo.com/\&quot;);\n// input valid Pass\nawait driver.findElement(By.id(\&quot;password\&quot;)).sendKeys(\&quot;secret_sauce\&quot;);\n//click Login button\nawait driver.findElement(By.id(\&quot;login-button\&quot;)).click();\n\n//----Assertions----\n//--Assert1: Error is displayed with text \&quot;Epic sadface: Username is required\&quot;\nconst EXPECTED_ERROR = \&quot;Epic sadface: Username is required\&quot;;\nconst ACTUAL_ERROR_TEXT = await driver.findElement(By.css(&#x27;[data-test=\&quot;error\&quot;]&#x27;)).getText();\nassert.strictEqual(ACTUAL_ERROR_TEXT, EXPECTED_ERROR);\n//close browser\nawait driver.quit();&quot;,&quot;err&quot;:{},&quot;uuid&quot;:&quot;026c3579-92ca-4358-af57-a68fdda1cf7c&quot;,&quot;isHook&quot;:false,&quot;skipped&quot;:false}],&quot;suites&quot;:[],&quot;passes&quot;:[&quot;026c3579-92ca-4358-af57-a68fdda1cf7c&quot;],&quot;failures&quot;:[],&quot;pending&quot;:[],&quot;skipped&quot;:[],&quot;duration&quot;:4036,&quot;root&quot;:false,&quot;rootEmpty&quot;:false},{&quot;uuid&quot;:&quot;f4e5bf45-df48-450c-9bca-7fbab8ea9deb&quot;,&quot;title&quot;:&quot;Login page tests&quot;,&quot;fullFile&quot;:&quot;C:\\Users\\Acer\\Desktop\\Automation first steps\\test\\Login page tests\\test4 - login with empty password.js&quot;,&quot;file&quot;:&quot;\\test\\Login page tests\\test4 - login with empty password.js&quot;,&quot;beforeHooks&quot;:[],&quot;afterHooks&quot;:[],&quot;tests&quot;:[{&quot;title&quot;:&quot;login with empty password&quot;,&quot;fullTitle&quot;:&quot;Login page tests login with empty password&quot;,&quot;duration&quot;:4045,&quot;state&quot;:&quot;passed&quot;,&quot;speed&quot;:&quot;slow&quot;,&quot;pass&quot;:true,&quot;fail&quot;:false,&quot;pending&quot;:false,&quot;code&quot;:&quot;// ----Execution Steps----\n// launch browser\nlet driver = await new Builder().forBrowser(\&quot;chrome\&quot;).build();\n//navigate to app\nawait driver.get(\&quot;https://www.saucedemo.com/\&quot;);\n// input valid Username \nawait driver.findElement(By.id(\&quot;user-name\&quot;)).sendKeys(\&quot;standard_user\&quot;);\n//click Login button\nawait driver.findElement(By.id(\&quot;login-button\&quot;)).click();\n\n//----Assertions----\n//--Assert1: Error is displayed with text \&quot;Epic sadface: Password is required\&quot;\nconst EXPECTED_ERROR = \&quot;Epic sadface: Password is required\&quot;;\nconst ACTUAL_ERROR = await driver.findElement(By.css(&#x27;[data-test=\&quot;error\&quot;]&#x27;)).getText();\nassert.strictEqual(ACTUAL_ERROR, EXPECTED_ERROR);\n//close browser\nawait driver.quit();&quot;,&quot;err&quot;:{},&quot;uuid&quot;:&quot;74c3c607-4258-4201-92b1-a94e5bff1625&quot;,&quot;isHook&quot;:false,&quot;skipped&quot;:false}],&quot;suites&quot;:[],&quot;passes&quot;:[&quot;74c3c607-4258-4201-92b1-a94e5bff1625&quot;],&quot;failures&quot;:[],&quot;pending&quot;:[],&quot;skipped&quot;:[],&quot;duration&quot;:4045,&quot;root&quot;:false,&quot;rootEmpty&quot;:false},{&quot;uuid&quot;:&quot;6ec23077-2d15-4c61-8d96-827e50ab6457&quot;,&quot;title&quot;:&quot;Login page tests&quot;,&quot;fullFile&quot;:&quot;C:\\Users\\Acer\\Desktop\\Automation first steps\\test\\Login page tests\\test6 - login pass doesn&#x27;t match.js&quot;,&quot;file&quot;:&quot;\\test\\Login page tests\\test6 - login pass doesn&#x27;t match.js&quot;,&quot;beforeHooks&quot;:[],&quot;afterHooks&quot;:[],&quot;tests&quot;:[{&quot;title&quot;:&quot;login with pass doesn&#x27;t match username&quot;,&quot;fullTitle&quot;:&quot;Login page tests login with pass doesn&#x27;t match username&quot;,&quot;duration&quot;:4090,&quot;state&quot;:&quot;passed&quot;,&quot;speed&quot;:&quot;slow&quot;,&quot;pass&quot;:true,&quot;fail&quot;:false,&quot;pending&quot;:false,&quot;code&quot;:&quot;// ----Execution Steps----\n// launch browser\nlet driver = await new Builder().forBrowser(\&quot;chrome\&quot;).build();\n//navigate to app\nawait driver.get(\&quot;https://www.saucedemo.com/\&quot;);\n// input existing Username and non-existent Pass\nawait driver.findElement(By.id(\&quot;user-name\&quot;)).sendKeys(\&quot;standard_user\&quot;);\nawait driver.findElement(By.id(\&quot;password\&quot;)).sendKeys(\&quot;non-existent pass\&quot;);\n//click Login button\nawait driver.findElement(By.id(\&quot;login-button\&quot;)).click();\n\n//----Assertions----\n//--Assert1: Error is displayed with text \&quot;Epic sadface: Username and password do not match any user in this service\&quot;\nconst EXPECTED_ERROR = \&quot;Epic sadface: Username and password do not match any user in this service\&quot;;\nconst ACTUAL_ERROR = await driver.findElement(By.css(&#x27;[data-test=\&quot;error\&quot;]&#x27;)).getText();\nassert.strictEqual(ACTUAL_ERROR, EXPECTED_ERROR);\n//close browser\nawait driver.quit();&quot;,&quot;err&quot;:{},&quot;uuid&quot;:&quot;4a9123d1-2288-4504-b1a0-d224fea57937&quot;,&quot;isHook&quot;:false,&quot;skipped&quot;:false}],&quot;suites&quot;:[],&quot;passes&quot;:[&quot;4a9123d1-2288-4504-b1a0-d224fea57937&quot;],&quot;failures&quot;:[],&quot;pending&quot;:[],&quot;skipped&quot;:[],&quot;duration&quot;:4090,&quot;root&quot;:false,&quot;rootEmpty&quot;:false},{&quot;uuid&quot;:&quot;8fd19d72-e735-449d-bb3e-f853eaca02ee&quot;,&quot;title&quot;:&quot;Login page tests&quot;,&quot;fullFile&quot;:&quot;C:\\Users\\Acer\\Desktop\\Automation first steps\\test\\Login page tests\\test5 - login username does not exist.js&quot;,&quot;file&quot;:&quot;\\test\\Login page tests\\test5 - login username does not exist.js&quot;,&quot;beforeHooks&quot;:[],&quot;afterHooks&quot;:[],&quot;tests&quot;:[{&quot;title&quot;:&quot;login with non-existent username and existing pass&quot;,&quot;fullTitle&quot;:&quot;Login page tests login with non-existent username and existing pass&quot;,&quot;duration&quot;:4198,&quot;state&quot;:&quot;passed&quot;,&quot;speed&quot;:&quot;slow&quot;,&quot;pass&quot;:true,&quot;fail&quot;:false,&quot;pending&quot;:false,&quot;code&quot;:&quot;// ----Execution Steps----\n// launch browser\nlet driver = await new Builder().forBrowser(\&quot;chrome\&quot;).build();\n//navigate to app\nawait driver.get(\&quot;https://www.saucedemo.com/\&quot;);\n// input non-existent Username and existing Pass\nawait driver.findElement(By.id(\&quot;user-name\&quot;)).sendKeys(\&quot;non-existent username\&quot;);\nawait driver.findElement(By.id(\&quot;password\&quot;)).sendKeys(\&quot;secret_sauce\&quot;);\n//click Login button\nawait driver.findElement(By.id(\&quot;login-button\&quot;)).click();\n\n//----Assertions----\n//--Assert1: Error is displayed with text \&quot;Epic sadface: Username and password do not match any user in this service\&quot;\nconst EXPECTED_ERROR = \&quot;Epic sadface: Username and password do not match any user in this service\&quot;;\nconst ACTUAL_ERROR = await driver.findElement(By.css(&#x27;[data-test=\&quot;error\&quot;]&#x27;)).getText();\nassert.strictEqual(ACTUAL_ERROR, EXPECTED_ERROR);\n//close browser\nawait driver.quit();&quot;,&quot;err&quot;:{},&quot;uuid&quot;:&quot;0d4b70d5-02a1-4612-894f-ec2b30c908bf&quot;,&quot;isHook&quot;:false,&quot;skipped&quot;:false}],&quot;suites&quot;:[],&quot;passes&quot;:[&quot;0d4b70d5-02a1-4612-894f-ec2b30c908bf&quot;],&quot;failures&quot;:[],&quot;pending&quot;:[],&quot;skipped&quot;:[],&quot;duration&quot;:4198,&quot;root&quot;:false,&quot;rootEmpty&quot;:false},{&quot;uuid&quot;:&quot;22b2b3a3-fc15-4108-8285-c2c4a4efa1fb&quot;,&quot;title&quot;:&quot;Login page tests&quot;,&quot;fullFile&quot;:&quot;C:\\Users\\Acer\\Desktop\\Automation first steps\\test\\Login page tests\\test9 - password field is case sensitive.js&quot;,&quot;file&quot;:&quot;\\test\\Login page tests\\test9 - password field is case sensitive.js&quot;,&quot;beforeHooks&quot;:[],&quot;afterHooks&quot;:[],&quot;tests&quot;:[{&quot;title&quot;:&quot;username is case sensitive&quot;,&quot;fullTitle&quot;:&quot;Login page tests username is case sensitive&quot;,&quot;duration&quot;:4178,&quot;state&quot;:&quot;passed&quot;,&quot;speed&quot;:&quot;slow&quot;,&quot;pass&quot;:true,&quot;fail&quot;:false,&quot;pending&quot;:false,&quot;code&quot;:&quot;// ----Execution Steps----\n// launch browser\nlet driver = await new Builder().forBrowser(\&quot;chrome\&quot;).build();\n//navigate to app\nawait driver.get(\&quot;https://www.saucedemo.com/\&quot;);\n// input Username and Password\nawait driver.findElement(By.id(\&quot;user-name\&quot;)).sendKeys(\&quot;standard_user\&quot;);\nawait driver.findElement(By.id(\&quot;password\&quot;)).sendKeys(\&quot;secret_saucE\&quot;);\n//click Login button\nawait driver.findElement(By.id(\&quot;login-button\&quot;)).click();\n//----Assertions----\n//--Assert1: URL is not changed\nconst EXPECTED_URL = \&quot;https://www.saucedemo.com/\&quot;;\nconst ACTUAL_URL = await driver.getCurrentUrl();\nassert.strictEqual(ACTUAL_URL, EXPECTED_URL);\n//close browser\nawait driver.quit();&quot;,&quot;err&quot;:{},&quot;uuid&quot;:&quot;6e482d0a-e425-45ba-8edc-1f3354a9b855&quot;,&quot;isHook&quot;:false,&quot;skipped&quot;:false}],&quot;suites&quot;:[],&quot;passes&quot;:[&quot;6e482d0a-e425-45ba-8edc-1f3354a9b855&quot;],&quot;failures&quot;:[],&quot;pending&quot;:[],&quot;skipped&quot;:[],&quot;duration&quot;:4178,&quot;root&quot;:false,&quot;rootEmpty&quot;:false},{&quot;uuid&quot;:&quot;06bdf348-3e92-41d7-a5a1-5f80d442df22&quot;,&quot;title&quot;:&quot;Login page tests&quot;,&quot;fullFile&quot;:&quot;C:\\Users\\Acer\\Desktop\\Automation first steps\\test\\Login page tests\\test7 - login after 3 failed attempts.js&quot;,&quot;file&quot;:&quot;\\test\\Login page tests\\test7 - login after 3 failed attempts.js&quot;,&quot;beforeHooks&quot;:[],&quot;afterHooks&quot;:[],&quot;tests&quot;:[{&quot;title&quot;:&quot;login after 3 failed login attempts&quot;,&quot;fullTitle&quot;:&quot;Login page tests login after 3 failed login attempts&quot;,&quot;duration&quot;:4592,&quot;state&quot;:&quot;passed&quot;,&quot;speed&quot;:&quot;slow&quot;,&quot;pass&quot;:true,&quot;fail&quot;:false,&quot;pending&quot;:false,&quot;code&quot;:&quot;// ----Execution Steps----\n// launch browser\nlet driver = await new Builder().forBrowser(\&quot;chrome\&quot;).build();\n//navigate to app\nawait driver.get(\&quot;https://www.saucedemo.com/\&quot;);\n// input non-existent Username and existing Password 1st time\nlet usernameField = driver.findElement(By.id(\&quot;user-name\&quot;));\nlet passwordField = driver.findElement(By.id(\&quot;password\&quot;));\nawait usernameField.sendKeys(\&quot;standard_user1\&quot;);\nawait passwordField.sendKeys(\&quot;secret_sauce\&quot;);\n//click Login button\nlet loginButton = driver.findElement(By.id(\&quot;login-button\&quot;));\nawait loginButton.click();\n//--Assert1: URL is not changed\nconst EXPECTED_URL = \&quot;https://www.saucedemo.com/inventory.html\&quot;;\nlet actualUrl = await driver.getCurrentUrl();\nassert.notEqual(actualUrl, EXPECTED_URL);\n//clear username\nawait usernameField.clear();\n  \n// input non-existent Username 2d time\nawait usernameField.sendKeys(\&quot;standard_user2\&quot;);\n  \n//--Assert2: URL is not changed\nactualUrl = await driver.getCurrentUrl();\nassert.notEqual(actualUrl, EXPECTED_URL);\n//clear username\nawait usernameField.clear();\n// input non-existent Username 3d time\nawait usernameField.sendKeys(\&quot;standard_user3\&quot;);\n//--Assert3: URL is not changed\nactualUrl = await driver.getCurrentUrl();\nassert.notEqual(actualUrl, EXPECTED_URL);\n//clear username\nawait usernameField.clear();\n// input existing Username \nawait usernameField.sendKeys(\&quot;standard_user\&quot;);\n//click Login button\nawait loginButton.click();\n\n//--Assert3: URL is changed to https://www.saucedemo.com/inventory.html\nactualUrl = await driver.getCurrentUrl();\nassert.strictEqual(actualUrl, EXPECTED_URL);\n//close browser\nawait driver.quit();&quot;,&quot;err&quot;:{},&quot;uuid&quot;:&quot;fd0e3be4-524a-4ea1-b7ac-ac2a6d577050&quot;,&quot;isHook&quot;:false,&quot;skipped&quot;:false}],&quot;suites&quot;:[],&quot;passes&quot;:[&quot;fd0e3be4-524a-4ea1-b7ac-ac2a6d577050&quot;],&quot;failures&quot;:[],&quot;pending&quot;:[],&quot;skipped&quot;:[],&quot;duration&quot;:4592,&quot;root&quot;:false,&quot;rootEmpty&quot;:false},{&quot;uuid&quot;:&quot;9e30c307-d6fe-4d4d-b106-672980be8400&quot;,&quot;title&quot;:&quot;Login page tests&quot;,&quot;fullFile&quot;:&quot;C:\\Users\\Acer\\Desktop\\Automation first steps\\test\\Login page tests\\test0 - playing around with function nad parametrization.js&quot;,&quot;file&quot;:&quot;\\test\\Login page tests\\test0 - playing around with function nad parametrization.js&quot;,&quot;beforeHooks&quot;:[],&quot;afterHooks&quot;:[],&quot;tests&quot;:[{&quot;title&quot;:&quot;Succsess parametrized login with standard_user login&quot;,&quot;fullTitle&quot;:&quot;Login page tests Succsess parametrized login with standard_user login&quot;,&quot;duration&quot;:4276,&quot;state&quot;:&quot;passed&quot;,&quot;speed&quot;:&quot;slow&quot;,&quot;pass&quot;:true,&quot;fail&quot;:false,&quot;pending&quot;:false,&quot;code&quot;:&quot;let driver = await new Builder().forBrowser(\&quot;chrome\&quot;).build();\nawait driver.get(\&quot;https://www.saucedemo.com/\&quot;);\nawait driver.findElement(By.id(\&quot;user-name\&quot;)).sendKeys(userName);\nawait driver.findElement(By.id(\&quot;password\&quot;)).sendKeys(\&quot;secret_sauce\&quot;);\nawait driver.findElement(By.id(\&quot;login-button\&quot;)).click();\nconst EXPECTED_URL = \&quot;https://www.saucedemo.com/inventory.html\&quot;;\nconst ACTUAL_URL = await driver.getCurrentUrl();\nassert.strictEqual(ACTUAL_URL, EXPECTED_URL);\nawait driver.quit();&quot;,&quot;err&quot;:{},&quot;uuid&quot;:&quot;1fac51e9-e1f2-4190-ba3e-5037c0c60be2&quot;,&quot;isHook&quot;:false,&quot;skipped&quot;:false},{&quot;title&quot;:&quot;Succsess parametrized login with locked_out_user login&quot;,&quot;fullTitle&quot;:&quot;Login page tests Succsess parametrized login with locked_out_user login&quot;,&quot;duration&quot;:1480,&quot;state&quot;:&quot;failed&quot;,&quot;pass&quot;:false,&quot;fail&quot;:true,&quot;pending&quot;:false,&quot;code&quot;:&quot;let driver = await new Builder().forBrowser(\&quot;chrome\&quot;).build();\nawait driver.get(\&quot;https://www.saucedemo.com/\&quot;);\nawait driver.findElement(By.id(\&quot;user-name\&quot;)).sendKeys(userName);\nawait driver.findElement(By.id(\&quot;password\&quot;)).sendKeys(\&quot;secret_sauce\&quot;);\nawait driver.findElement(By.id(\&quot;login-button\&quot;)).click();\nconst EXPECTED_URL = \&quot;https://www.saucedemo.com/inventory.html\&quot;;\nconst ACTUAL_URL = await driver.getCurrentUrl();\nassert.strictEqual(ACTUAL_URL, EXPECTED_URL);\nawait driver.quit();&quot;,&quot;err&quot;:{&quot;message&quot;:&quot;AssertionError: Expected values to be strictly equal:\n+ actual - expected\n\n+ &#x27;https://www.saucedemo.com/&#x27;\n- &#x27;https://www.saucedemo.com/inventory.html&#x27;\n                             ^&quot;,&quot;estack&quot;:&quot;AssertionError [ERR_ASSERTION]: Expected values to be strictly equal:\n+ actual - expected\n\n+ &#x27;https://www.saucedemo.com/&#x27;\n- &#x27;https://www.saucedemo.com/inventory.html&#x27;\n                             ^\n    at Context.&lt;anonymous&gt; (test\\Login page tests\\test0 - playing around with function nad parametrization.js:76:14)\n    at process.processTicksAndRejections (node:internal/process/task_queues:95:5)&quot;,&quot;diff&quot;:&quot;- https://www.saucedemo.com/\n+ https://www.saucedemo.com/inventory.html\n&quot;},&quot;uuid&quot;:&quot;3ce73946-cfdc-411e-b4b0-b370e150bc78&quot;,&quot;isHook&quot;:false,&quot;skipped&quot;:false},{&quot;title&quot;:&quot;Succsess parametrized login with problem_user login&quot;,&quot;fullTitle&quot;:&quot;Login page tests Succsess parametrized login with problem_user login&quot;,&quot;duration&quot;:1713,&quot;state&quot;:&quot;passed&quot;,&quot;speed&quot;:&quot;slow&quot;,&quot;pass&quot;:true,&quot;fail&quot;:false,&quot;pending&quot;:false,&quot;code&quot;:&quot;let driver = await new Builder().forBrowser(\&quot;chrome\&quot;).build();\nawait driver.get(\&quot;https://www.saucedemo.com/\&quot;);\nawait driver.findElement(By.id(\&quot;user-name\&quot;)).sendKeys(userName);\nawait driver.findElement(By.id(\&quot;password\&quot;)).sendKeys(\&quot;secret_sauce\&quot;);\nawait driver.findElement(By.id(\&quot;login-button\&quot;)).click();\nconst EXPECTED_URL = \&quot;https://www.saucedemo.com/inventory.html\&quot;;\nconst ACTUAL_URL = await driver.getCurrentUrl();\nassert.strictEqual(ACTUAL_URL, EXPECTED_URL);\nawait driver.quit();&quot;,&quot;err&quot;:{},&quot;uuid&quot;:&quot;630e53f0-9d75-400d-a299-563848617529&quot;,&quot;isHook&quot;:false,&quot;skipped&quot;:false},{&quot;title&quot;:&quot;Succsess parametrized login with performance_glitch_user login&quot;,&quot;fullTitle&quot;:&quot;Login page tests Succsess parametrized login with performance_glitch_user login&quot;,&quot;duration&quot;:6436,&quot;state&quot;:&quot;passed&quot;,&quot;speed&quot;:&quot;slow&quot;,&quot;pass&quot;:true,&quot;fail&quot;:false,&quot;pending&quot;:false,&quot;code&quot;:&quot;let driver = await new Builder().forBrowser(\&quot;chrome\&quot;).build();\nawait driver.get(\&quot;https://www.saucedemo.com/\&quot;);\nawait driver.findElement(By.id(\&quot;user-name\&quot;)).sendKeys(userName);\nawait driver.findElement(By.id(\&quot;password\&quot;)).sendKeys(\&quot;secret_sauce\&quot;);\nawait driver.findElement(By.id(\&quot;login-button\&quot;)).click();\nconst EXPECTED_URL = \&quot;https://www.saucedemo.com/inventory.html\&quot;;\nconst ACTUAL_URL = await driver.getCurrentUrl();\nassert.strictEqual(ACTUAL_URL, EXPECTED_URL);\nawait driver.quit();&quot;,&quot;err&quot;:{},&quot;uuid&quot;:&quot;20e27216-947c-41c6-9f02-fa30781571d3&quot;,&quot;isHook&quot;:false,&quot;skipped&quot;:false},{&quot;title&quot;:&quot;Succsess parametrized login with error_user login&quot;,&quot;fullTitle&quot;:&quot;Login page tests Succsess parametrized login with error_user login&quot;,&quot;duration&quot;:1387,&quot;state&quot;:&quot;passed&quot;,&quot;speed&quot;:&quot;slow&quot;,&quot;pass&quot;:true,&quot;fail&quot;:false,&quot;pending&quot;:false,&quot;code&quot;:&quot;let driver = await new Builder().forBrowser(\&quot;chrome\&quot;).build();\nawait driver.get(\&quot;https://www.saucedemo.com/\&quot;);\nawait driver.findElement(By.id(\&quot;user-name\&quot;)).sendKeys(userName);\nawait driver.findElement(By.id(\&quot;password\&quot;)).sendKeys(\&quot;secret_sauce\&quot;);\nawait driver.findElement(By.id(\&quot;login-button\&quot;)).click();\nconst EXPECTED_URL = \&quot;https://www.saucedemo.com/inventory.html\&quot;;\nconst ACTUAL_URL = await driver.getCurrentUrl();\nassert.strictEqual(ACTUAL_URL, EXPECTED_URL);\nawait driver.quit();&quot;,&quot;err&quot;:{},&quot;uuid&quot;:&quot;e88a39b2-3399-40d6-a60e-5b6fd3bc6f5a&quot;,&quot;isHook&quot;:false,&quot;skipped&quot;:false},{&quot;title&quot;:&quot;Succsess parametrized login with visual_user login&quot;,&quot;fullTitle&quot;:&quot;Login page tests Succsess parametrized login with visual_user login&quot;,&quot;duration&quot;:1430,&quot;state&quot;:&quot;passed&quot;,&quot;speed&quot;:&quot;slow&quot;,&quot;pass&quot;:true,&quot;fail&quot;:false,&quot;pending&quot;:false,&quot;code&quot;:&quot;let driver = await new Builder().forBrowser(\&quot;chrome\&quot;).build();\nawait driver.get(\&quot;https://www.saucedemo.com/\&quot;);\nawait driver.findElement(By.id(\&quot;user-name\&quot;)).sendKeys(userName);\nawait driver.findElement(By.id(\&quot;password\&quot;)).sendKeys(\&quot;secret_sauce\&quot;);\nawait driver.findElement(By.id(\&quot;login-button\&quot;)).click();\nconst EXPECTED_URL = \&quot;https://www.saucedemo.com/inventory.html\&quot;;\nconst ACTUAL_URL = await driver.getCurrentUrl();\nassert.strictEqual(ACTUAL_URL, EXPECTED_URL);\nawait driver.quit();&quot;,&quot;err&quot;:{},&quot;uuid&quot;:&quot;83786312-fffc-4577-9674-877e24d8c9fe&quot;,&quot;isHook&quot;:false,&quot;skipped&quot;:false}],&quot;suites&quot;:[],&quot;passes&quot;:[&quot;1fac51e9-e1f2-4190-ba3e-5037c0c60be2&quot;,&quot;630e53f0-9d75-400d-a299-563848617529&quot;,&quot;20e27216-947c-41c6-9f02-fa30781571d3&quot;,&quot;e88a39b2-3399-40d6-a60e-5b6fd3bc6f5a&quot;,&quot;83786312-fffc-4577-9674-877e24d8c9fe&quot;],&quot;failures&quot;:[&quot;3ce73946-cfdc-411e-b4b0-b370e150bc78&quot;],&quot;pending&quot;:[],&quot;skipped&quot;:[],&quot;duration&quot;:16722,&quot;root&quot;:false,&quot;rootEmpty&quot;:false}],&quot;passes&quot;:[],&quot;failures&quot;:[],&quot;pending&quot;:[],&quot;skipped&quot;:[],&quot;duration&quot;:0,&quot;root&quot;:true,&quot;rootEmpty&quot;:true,&quot;_timeout&quot;:0}],&quot;meta&quot;:{&quot;mocha&quot;:{&quot;version&quot;:&quot;10.3.0&quot;},&quot;mochawesome&quot;:{&quot;options&quot;:{&quot;quiet&quot;:false,&quot;reportFilename&quot;:&quot;testResults&quot;,&quot;saveHtml&quot;:true,&quot;saveJson&quot;:true,&quot;consoleReporter&quot;:&quot;spec&quot;,&quot;useInlineDiffs&quot;:false,&quot;code&quot;:true},&quot;version&quot;:&quot;7.1.3&quot;},&quot;marge&quot;:{&quot;options&quot;:{&quot;reportFilename&quot;:&quot;testResults&quot;},&quot;version&quot;:&quot;6.2.0&quot;}}}" data-config="{&quot;reportFilename&quot;:&quot;testResults&quot;,&quot;reportDir&quot;:&quot;mochawesome-report&quot;,&quot;reportTitle&quot;:&quot;Automation first steps&quot;,&quot;reportPageTitle&quot;:&quot;Mochawesome Report&quot;,&quot;inline&quot;:false,&quot;inlineAssets&quot;:false,&quot;cdn&quot;:false,&quot;charts&quot;:false,&quot;enableCharts&quot;:false,&quot;code&quot;:true,&quot;enableCode&quot;:true,&quot;autoOpen&quot;:false,&quot;overwrite&quot;:true,&quot;timestamp&quot;:false,&quot;ts&quot;:false,&quot;showPassed&quot;:true,&quot;showFailed&quot;:true,&quot;showPending&quot;:true,&quot;showSkipped&quot;:false,&quot;showHooks&quot;:&quot;failed&quot;,&quot;saveJson&quot;:true,&quot;saveHtml&quot;:true,&quot;dev&quot;:false,&quot;assetsDir&quot;:&quot;mochawesome-report\\assets&quot;,&quot;jsonFile&quot;:&quot;C:\\Users\\Acer\\Desktop\\Automation first steps\\mochawesome-report\\testResults.json&quot;,&quot;htmlFile&quot;:&quot;C:\\Users\\Acer\\Desktop\\Automation first steps\\mochawesome-report\\testResults.html&quot;}"><div id="report"></div><script src="assets\app.js"></script></body></html>